
*** Running vivado
    with args -log design_1_contador_ciclos_0_0.vds -m64 -product Vivado -mode batch -messageDb vivado.pb -notrace -source design_1_contador_ciclos_0_0.tcl


****** Vivado v2019.1 (64-bit)
  **** SW Build 2552052 on Fri May 24 14:49:42 MDT 2019
  **** IP Build 2548770 on Fri May 24 18:01:18 MDT 2019
    ** Copyright 1986-2019 Xilinx, Inc. All Rights Reserved.

source design_1_contador_ciclos_0_0.tcl -notrace
INFO: [IP_Flow 19-234] Refreshing IP repositories
INFO: [IP_Flow 19-1700] Loaded user IP repository 'c:/Users/arthu/ip_repo/contador_ciclos_1.0'.
INFO: [IP_Flow 19-2313] Loaded Vivado IP repository 'C:/Xilinx/Vivado/2019.1/data/ip'.
Command: synth_design -top design_1_contador_ciclos_0_0 -part xczu7ev-ffvc1156-2-e -mode out_of_context
Starting synth_design
WARNING: [IP_Flow 19-3571] IP 'design_1_contador_ciclos_0_0' is restricted:
* Module reference is stale and needs refreshing.
Attempting to get a license for feature 'Synthesis' and/or device 'xczu7ev'
INFO: [Common 17-349] Got license for feature 'Synthesis' and/or device 'xczu7ev'
INFO: [Device 21-403] Loading part xczu7ev-ffvc1156-2-e
INFO: Launching helper process for spawning children vivado processes
INFO: Helper process launched with PID 2840 
---------------------------------------------------------------------------------
Starting RTL Elaboration : Time (s): cpu = 00:00:02 ; elapsed = 00:00:04 . Memory (MB): peak = 1373.645 ; gain = 0.000
---------------------------------------------------------------------------------
INFO: [Synth 8-6157] synthesizing module 'design_1_contador_ciclos_0_0' [c:/Users/arthu/rep_git_riscvnoc/mrisc.srcs/sources_1/bd/design_1/ip/design_1_contador_ciclos_0_0/synth/design_1_contador_ciclos_0_0.v:58]
INFO: [Synth 8-638] synthesizing module 'contador_ciclos' [C:/Users/arthu/rep_git_riscvnoc/mrisc.srcs/sources_1/new/contador_ciclos.vhd:49]
	Parameter C_S00_AXI_DATA_WIDTH bound to: 32 - type: integer 
	Parameter C_S00_AXI_ADDR_WIDTH bound to: 5 - type: integer 
	Parameter C_S_AXI_DATA_WIDTH bound to: 32 - type: integer 
	Parameter C_S_AXI_ADDR_WIDTH bound to: 5 - type: integer 
INFO: [Synth 8-3491] module 'contador_ciclos_S00' declared at 'C:/Users/arthu/rep_git_riscvnoc/mrisc.srcs/sources_1/new/contador_ciclos_S00.vhd:5' bound to instance 'contador_ciclos_S00_inst' of component 'contador_ciclos_S00' [C:/Users/arthu/rep_git_riscvnoc/mrisc.srcs/sources_1/new/contador_ciclos.vhd:87]
INFO: [Synth 8-638] synthesizing module 'contador_ciclos_S00' [C:/Users/arthu/rep_git_riscvnoc/mrisc.srcs/sources_1/new/contador_ciclos_S00.vhd:90]
	Parameter C_S_AXI_DATA_WIDTH bound to: 32 - type: integer 
	Parameter C_S_AXI_ADDR_WIDTH bound to: 5 - type: integer 
WARNING: [Synth 8-614] signal 'PROBE_IMAGE_COMPLETED' is read in the process but is not in the sensitivity list [C:/Users/arthu/rep_git_riscvnoc/mrisc.srcs/sources_1/new/contador_ciclos_S00.vhd:364]
WARNING: [Synth 8-6014] Unused sequential element slv_reg0_reg was removed.  [C:/Users/arthu/rep_git_riscvnoc/mrisc.srcs/sources_1/new/contador_ciclos_S00.vhd:222]
WARNING: [Synth 8-6014] Unused sequential element loc_addr_reg was removed.  [C:/Users/arthu/rep_git_riscvnoc/mrisc.srcs/sources_1/new/contador_ciclos_S00.vhd:228]
INFO: [Synth 8-256] done synthesizing module 'contador_ciclos_S00' (1#1) [C:/Users/arthu/rep_git_riscvnoc/mrisc.srcs/sources_1/new/contador_ciclos_S00.vhd:90]
INFO: [Synth 8-256] done synthesizing module 'contador_ciclos' (2#1) [C:/Users/arthu/rep_git_riscvnoc/mrisc.srcs/sources_1/new/contador_ciclos.vhd:49]
INFO: [Synth 8-6155] done synthesizing module 'design_1_contador_ciclos_0_0' (3#1) [c:/Users/arthu/rep_git_riscvnoc/mrisc.srcs/sources_1/bd/design_1/ip/design_1_contador_ciclos_0_0/synth/design_1_contador_ciclos_0_0.v:58]
WARNING: [Synth 8-3331] design contador_ciclos_S00 has unconnected port S_AXI_AWPROT[2]
WARNING: [Synth 8-3331] design contador_ciclos_S00 has unconnected port S_AXI_AWPROT[1]
WARNING: [Synth 8-3331] design contador_ciclos_S00 has unconnected port S_AXI_AWPROT[0]
WARNING: [Synth 8-3331] design contador_ciclos_S00 has unconnected port S_AXI_ARPROT[2]
WARNING: [Synth 8-3331] design contador_ciclos_S00 has unconnected port S_AXI_ARPROT[1]
WARNING: [Synth 8-3331] design contador_ciclos_S00 has unconnected port S_AXI_ARPROT[0]
---------------------------------------------------------------------------------
Finished RTL Elaboration : Time (s): cpu = 00:00:03 ; elapsed = 00:00:05 . Memory (MB): peak = 1416.242 ; gain = 42.598
---------------------------------------------------------------------------------

Report Check Netlist: 
+------+------------------+-------+---------+-------+------------------+
|      |Item              |Errors |Warnings |Status |Description       |
+------+------------------+-------+---------+-------+------------------+
|1     |multi_driven_nets |      0|        0|Passed |Multi driven nets |
+------+------------------+-------+---------+-------+------------------+
---------------------------------------------------------------------------------
Start Handling Custom Attributes
---------------------------------------------------------------------------------
---------------------------------------------------------------------------------
Finished Handling Custom Attributes : Time (s): cpu = 00:00:03 ; elapsed = 00:00:06 . Memory (MB): peak = 1422.531 ; gain = 48.887
---------------------------------------------------------------------------------
---------------------------------------------------------------------------------
Finished RTL Optimization Phase 1 : Time (s): cpu = 00:00:03 ; elapsed = 00:00:06 . Memory (MB): peak = 1422.531 ; gain = 48.887
---------------------------------------------------------------------------------
INFO: [Project 1-570] Preparing netlist for logic optimization

Processing XDC Constraints
Initializing timing engine
Completed Processing XDC Constraints

Netlist sorting complete. Time (s): cpu = 00:00:00 ; elapsed = 00:00:00.001 . Memory (MB): peak = 1513.145 ; gain = 0.000
INFO: [Project 1-111] Unisim Transformation Summary:
No Unisim elements were transformed.

WARNING: [Constraints 18-5210] No constraints selected for write.
Resolution: This message can indicate that there are no constraints for the design, or it can indicate that the used_in flags are set such that the constraints are ignored. This later case is used when running synth_design to not write synthesis constraints to the resulting checkpoint. Instead, project constraints are read when the synthesized design is opened.
Constraint Validation Runtime : Time (s): cpu = 00:00:00 ; elapsed = 00:00:00.068 . Memory (MB): peak = 1534.973 ; gain = 21.828
---------------------------------------------------------------------------------
Finished Constraint Validation : Time (s): cpu = 00:00:07 ; elapsed = 00:00:12 . Memory (MB): peak = 1534.973 ; gain = 161.328
---------------------------------------------------------------------------------
---------------------------------------------------------------------------------
Start Loading Part and Timing Information
---------------------------------------------------------------------------------
Loading part: xczu7ev-ffvc1156-2-e
INFO: [Synth 8-6742] Reading net delay rules and data
---------------------------------------------------------------------------------
Finished Loading Part and Timing Information : Time (s): cpu = 00:00:07 ; elapsed = 00:00:12 . Memory (MB): peak = 1534.973 ; gain = 161.328
---------------------------------------------------------------------------------
---------------------------------------------------------------------------------
Start Applying 'set_property' XDC Constraints
---------------------------------------------------------------------------------
---------------------------------------------------------------------------------
Finished applying 'set_property' XDC Constraints : Time (s): cpu = 00:00:07 ; elapsed = 00:00:12 . Memory (MB): peak = 1534.973 ; gain = 161.328
---------------------------------------------------------------------------------
---------------------------------------------------------------------------------
Finished RTL Optimization Phase 2 : Time (s): cpu = 00:00:07 ; elapsed = 00:00:12 . Memory (MB): peak = 1534.973 ; gain = 161.328
---------------------------------------------------------------------------------

Report RTL Partitions: 
+-+--------------+------------+----------+
| |RTL Partition |Replication |Instances |
+-+--------------+------------+----------+
+-+--------------+------------+----------+
---------------------------------------------------------------------------------
Start RTL Component Statistics 
---------------------------------------------------------------------------------
Detailed RTL Component Info : 
+---Registers : 
	               32 Bit    Registers := 5     
	                5 Bit    Registers := 2     
	                2 Bit    Registers := 2     
	                1 Bit    Registers := 6     
+---Muxes : 
	   2 Input     32 Bit        Muxes := 4     
	   6 Input     32 Bit        Muxes := 4     
	   2 Input      1 Bit        Muxes := 5     
---------------------------------------------------------------------------------
Finished RTL Component Statistics 
---------------------------------------------------------------------------------
---------------------------------------------------------------------------------
Start RTL Hierarchical Component Statistics 
---------------------------------------------------------------------------------
Hierarchical RTL Component report 
Module contador_ciclos_S00 
Detailed RTL Component Info : 
+---Registers : 
	               32 Bit    Registers := 5     
	                5 Bit    Registers := 2     
	                2 Bit    Registers := 2     
	                1 Bit    Registers := 6     
+---Muxes : 
	   2 Input     32 Bit        Muxes := 4     
	   6 Input     32 Bit        Muxes := 4     
	   2 Input      1 Bit        Muxes := 5     
---------------------------------------------------------------------------------
Finished RTL Hierarchical Component Statistics
---------------------------------------------------------------------------------
---------------------------------------------------------------------------------
Start Part Resource Summary
---------------------------------------------------------------------------------
Part Resources:
DSPs: 1728 (col length:144)
BRAMs: 624 (col length: RAMB18 144 RAMB36 72)
---------------------------------------------------------------------------------
Finished Part Resource Summary
---------------------------------------------------------------------------------
---------------------------------------------------------------------------------
Start Cross Boundary and Area Optimization
---------------------------------------------------------------------------------
Warning: Parallel synthesis criteria is not met 
WARNING: [Synth 8-3331] design design_1_contador_ciclos_0_0 has unconnected port s00_axi_awprot[2]
WARNING: [Synth 8-3331] design design_1_contador_ciclos_0_0 has unconnected port s00_axi_awprot[1]
WARNING: [Synth 8-3331] design design_1_contador_ciclos_0_0 has unconnected port s00_axi_awprot[0]
WARNING: [Synth 8-3331] design design_1_contador_ciclos_0_0 has unconnected port s00_axi_arprot[2]
WARNING: [Synth 8-3331] design design_1_contador_ciclos_0_0 has unconnected port s00_axi_arprot[1]
WARNING: [Synth 8-3331] design design_1_contador_ciclos_0_0 has unconnected port s00_axi_arprot[0]
INFO: [Synth 8-3886] merging instance 'inst/contador_ciclos_S00_inst/axi_rresp_reg[0]' (FDRE) to 'inst/contador_ciclos_S00_inst/axi_rresp_reg[1]'
INFO: [Synth 8-3333] propagating constant 0 across sequential element (\inst/contador_ciclos_S00_inst/axi_rresp_reg[1] )
INFO: [Synth 8-3886] merging instance 'inst/contador_ciclos_S00_inst/axi_bresp_reg[0]' (FDRE) to 'inst/contador_ciclos_S00_inst/axi_bresp_reg[1]'
INFO: [Synth 8-3333] propagating constant 0 across sequential element (\inst/contador_ciclos_S00_inst/axi_bresp_reg[1] )
---------------------------------------------------------------------------------
Finished Cross Boundary and Area Optimization : Time (s): cpu = 00:00:08 ; elapsed = 00:00:14 . Memory (MB): peak = 1534.973 ; gain = 161.328
---------------------------------------------------------------------------------

Report RTL Partitions: 
+-+--------------+------------+----------+
| |RTL Partition |Replication |Instances |
+-+--------------+------------+----------+
+-+--------------+------------+----------+
---------------------------------------------------------------------------------
Start Applying XDC Timing Constraints
---------------------------------------------------------------------------------
---------------------------------------------------------------------------------
Finished Applying XDC Timing Constraints : Time (s): cpu = 00:00:14 ; elapsed = 00:00:26 . Memory (MB): peak = 2095.957 ; gain = 722.312
---------------------------------------------------------------------------------
---------------------------------------------------------------------------------
Start Timing Optimization
---------------------------------------------------------------------------------
---------------------------------------------------------------------------------
Finished Timing Optimization : Time (s): cpu = 00:00:14 ; elapsed = 00:00:26 . Memory (MB): peak = 2096.031 ; gain = 722.387
---------------------------------------------------------------------------------

Report RTL Partitions: 
+-+--------------+------------+----------+
| |RTL Partition |Replication |Instances |
+-+--------------+------------+----------+
+-+--------------+------------+----------+
---------------------------------------------------------------------------------
Start Technology Mapping
---------------------------------------------------------------------------------
---------------------------------------------------------------------------------
Finished Technology Mapping : Time (s): cpu = 00:00:14 ; elapsed = 00:00:27 . Memory (MB): peak = 2107.082 ; gain = 733.438
---------------------------------------------------------------------------------

Report RTL Partitions: 
+-+--------------+------------+----------+
| |RTL Partition |Replication |Instances |
+-+--------------+------------+----------+
+-+--------------+------------+----------+
---------------------------------------------------------------------------------
Start IO Insertion
---------------------------------------------------------------------------------
---------------------------------------------------------------------------------
Start Flattening Before IO Insertion
---------------------------------------------------------------------------------
---------------------------------------------------------------------------------
Finished Flattening Before IO Insertion
---------------------------------------------------------------------------------
---------------------------------------------------------------------------------
Start Final Netlist Cleanup
---------------------------------------------------------------------------------
---------------------------------------------------------------------------------
Finished Final Netlist Cleanup
---------------------------------------------------------------------------------
---------------------------------------------------------------------------------
Finished IO Insertion : Time (s): cpu = 00:00:15 ; elapsed = 00:00:29 . Memory (MB): peak = 2122.855 ; gain = 749.211
---------------------------------------------------------------------------------

Report Check Netlist: 
+------+------------------+-------+---------+-------+------------------+
|      |Item              |Errors |Warnings |Status |Description       |
+------+------------------+-------+---------+-------+------------------+
|1     |multi_driven_nets |      0|        0|Passed |Multi driven nets |
+------+------------------+-------+---------+-------+------------------+
---------------------------------------------------------------------------------
Start Renaming Generated Instances
---------------------------------------------------------------------------------
---------------------------------------------------------------------------------
Finished Renaming Generated Instances : Time (s): cpu = 00:00:15 ; elapsed = 00:00:29 . Memory (MB): peak = 2122.855 ; gain = 749.211
---------------------------------------------------------------------------------

Report RTL Partitions: 
+-+--------------+------------+----------+
| |RTL Partition |Replication |Instances |
+-+--------------+------------+----------+
+-+--------------+------------+----------+
---------------------------------------------------------------------------------
Start Rebuilding User Hierarchy
---------------------------------------------------------------------------------
---------------------------------------------------------------------------------
Finished Rebuilding User Hierarchy : Time (s): cpu = 00:00:15 ; elapsed = 00:00:29 . Memory (MB): peak = 2122.855 ; gain = 749.211
---------------------------------------------------------------------------------
---------------------------------------------------------------------------------
Start Renaming Generated Ports
---------------------------------------------------------------------------------
---------------------------------------------------------------------------------
Finished Renaming Generated Ports : Time (s): cpu = 00:00:15 ; elapsed = 00:00:29 . Memory (MB): peak = 2122.855 ; gain = 749.211
---------------------------------------------------------------------------------
---------------------------------------------------------------------------------
Start Handling Custom Attributes
---------------------------------------------------------------------------------
---------------------------------------------------------------------------------
Finished Handling Custom Attributes : Time (s): cpu = 00:00:15 ; elapsed = 00:00:29 . Memory (MB): peak = 2122.855 ; gain = 749.211
---------------------------------------------------------------------------------
---------------------------------------------------------------------------------
Start Renaming Generated Nets
---------------------------------------------------------------------------------
---------------------------------------------------------------------------------
Finished Renaming Generated Nets : Time (s): cpu = 00:00:15 ; elapsed = 00:00:29 . Memory (MB): peak = 2122.855 ; gain = 749.211
---------------------------------------------------------------------------------
---------------------------------------------------------------------------------
Start Writing Synthesis Report
---------------------------------------------------------------------------------

Report BlackBoxes: 
+-+--------------+----------+
| |BlackBox name |Instances |
+-+--------------+----------+
+-+--------------+----------+

Report Cell Usage: 
+------+-----+------+
|      |Cell |Count |
+------+-----+------+
|1     |LUT1 |     1|
|2     |LUT2 |     1|
|3     |LUT3 |     1|
|4     |LUT4 |     4|
|5     |LUT5 |    48|
|6     |LUT6 |    34|
|7     |FDRE |   168|
|8     |FDSE |     4|
+------+-----+------+

Report Instance Areas: 
+------+-----------------------------+--------------------+------+
|      |Instance                     |Module              |Cells |
+------+-----------------------------+--------------------+------+
|1     |top                          |                    |   261|
|2     |  inst                       |contador_ciclos     |   261|
|3     |    contador_ciclos_S00_inst |contador_ciclos_S00 |   261|
+------+-----------------------------+--------------------+------+
---------------------------------------------------------------------------------
Finished Writing Synthesis Report : Time (s): cpu = 00:00:15 ; elapsed = 00:00:29 . Memory (MB): peak = 2122.855 ; gain = 749.211
---------------------------------------------------------------------------------
Synthesis finished with 0 errors, 0 critical warnings and 6 warnings.
Synthesis Optimization Runtime : Time (s): cpu = 00:00:10 ; elapsed = 00:00:26 . Memory (MB): peak = 2122.855 ; gain = 636.770
Synthesis Optimization Complete : Time (s): cpu = 00:00:15 ; elapsed = 00:00:29 . Memory (MB): peak = 2122.855 ; gain = 749.211
INFO: [Project 1-571] Translating synthesized netlist
INFO: [Project 1-570] Preparing netlist for logic optimization
INFO: [Opt 31-138] Pushed 0 inverter(s) to 0 load pin(s).
Netlist sorting complete. Time (s): cpu = 00:00:00 ; elapsed = 00:00:00.001 . Memory (MB): peak = 2165.562 ; gain = 0.000
INFO: [Project 1-111] Unisim Transformation Summary:
No Unisim elements were transformed.

INFO: [Common 17-83] Releasing license: Synthesis
24 Infos, 17 Warnings, 0 Critical Warnings and 0 Errors encountered.
synth_design completed successfully
synth_design: Time (s): cpu = 00:00:23 ; elapsed = 00:00:43 . Memory (MB): peak = 2165.562 ; gain = 1867.246
Netlist sorting complete. Time (s): cpu = 00:00:00 ; elapsed = 00:00:00 . Memory (MB): peak = 2165.562 ; gain = 0.000
WARNING: [Constraints 18-5210] No constraints selected for write.
Resolution: This message can indicate that there are no constraints for the design, or it can indicate that the used_in flags are set such that the constraints are ignored. This later case is used when running synth_design to not write synthesis constraints to the resulting checkpoint. Instead, project constraints are read when the synthesized design is opened.
INFO: [Common 17-1381] The checkpoint 'C:/Users/arthu/rep_git_riscvnoc/mrisc.runs/design_1_contador_ciclos_0_0_synth_1/design_1_contador_ciclos_0_0.dcp' has been generated.
WARNING: [Common 17-576] 'use_project_ipc' is deprecated. This option is deprecated and no longer used.
INFO: [Coretcl 2-1174] Renamed 2 cell refs.
Netlist sorting complete. Time (s): cpu = 00:00:00 ; elapsed = 00:00:00 . Memory (MB): peak = 2165.562 ; gain = 0.000
WARNING: [Constraints 18-5210] No constraints selected for write.
Resolution: This message can indicate that there are no constraints for the design, or it can indicate that the used_in flags are set such that the constraints are ignored. This later case is used when running synth_design to not write synthesis constraints to the resulting checkpoint. Instead, project constraints are read when the synthesized design is opened.
INFO: [Common 17-1381] The checkpoint 'C:/Users/arthu/rep_git_riscvnoc/mrisc.runs/design_1_contador_ciclos_0_0_synth_1/design_1_contador_ciclos_0_0.dcp' has been generated.
INFO: [runtcl-4] Executing : report_utilization -file design_1_contador_ciclos_0_0_utilization_synth.rpt -pb design_1_contador_ciclos_0_0_utilization_synth.pb
INFO: [Common 17-206] Exiting Vivado at Sun Oct  2 09:04:03 2022...
